<?xml version="1.0" encoding="UTF-8"?>
<testng-results skipped="0" failed="0" total="6" passed="6">
  <reporter-output>
  </reporter-output>
  <suite name="Default suite" duration-ms="74" started-at="2016-04-27T14:38:34Z" finished-at="2016-04-27T14:38:34Z">
    <groups>
    </groups>
    <test name="Default test" duration-ms="74" started-at="2016-04-27T14:38:34Z" finished-at="2016-04-27T14:38:34Z">
      <class name="com.testing.task.tests.PinTest">
        <test-method status="PASS" signature="setUp()[pri:0, instance:com.testing.task.tests.PinTest@1ef7fe8e]" name="setUp" is-config="true" duration-ms="6" started-at="2016-04-27T17:38:34Z" finished-at="2016-04-27T17:38:34Z">
          <reporter-output>
          </reporter-output>
        </test-method> <!-- setUp -->
        <test-method status="PASS" signature="firstTryPinTest(java.lang.Integer, java.lang.Boolean, java.lang.Boolean)[pri:0, instance:com.testing.task.tests.PinTest@1ef7fe8e]" name="firstTryPinTest" duration-ms="10" started-at="2016-04-27T17:38:34Z" data-provider="firstTryPinData" finished-at="2016-04-27T17:38:34Z">
          <params>
            <param index="0">
              <value>
                <![CDATA[1234]]>
              </value>
            </param>
            <param index="1">
              <value>
                <![CDATA[true]]>
              </value>
            </param>
            <param index="2">
              <value>
                <![CDATA[false]]>
              </value>
            </param>
          </params>
          <reporter-output>
          </reporter-output>
        </test-method> <!-- firstTryPinTest -->
        <test-method status="PASS" signature="setUp()[pri:0, instance:com.testing.task.tests.PinTest@1ef7fe8e]" name="setUp" is-config="true" duration-ms="0" started-at="2016-04-27T17:38:34Z" finished-at="2016-04-27T17:38:34Z">
          <reporter-output>
          </reporter-output>
        </test-method> <!-- setUp -->
        <test-method status="PASS" signature="firstTryPinTest(java.lang.Integer, java.lang.Boolean, java.lang.Boolean)[pri:0, instance:com.testing.task.tests.PinTest@1ef7fe8e]" name="firstTryPinTest" duration-ms="1" started-at="2016-04-27T17:38:34Z" data-provider="firstTryPinData" finished-at="2016-04-27T17:38:34Z">
          <params>
            <param index="0">
              <value>
                <![CDATA[4321]]>
              </value>
            </param>
            <param index="1">
              <value>
                <![CDATA[false]]>
              </value>
            </param>
            <param index="2">
              <value>
                <![CDATA[false]]>
              </value>
            </param>
          </params>
          <reporter-output>
          </reporter-output>
        </test-method> <!-- firstTryPinTest -->
        <test-method status="PASS" signature="setUp()[pri:0, instance:com.testing.task.tests.PinTest@1ef7fe8e]" name="setUp" is-config="true" duration-ms="0" started-at="2016-04-27T17:38:34Z" finished-at="2016-04-27T17:38:34Z">
          <reporter-output>
          </reporter-output>
        </test-method> <!-- setUp -->
        <test-method status="PASS" signature="secondTryPinTest(java.lang.Integer, java.lang.Integer, java.lang.Boolean, java.lang.Boolean)[pri:0, instance:com.testing.task.tests.PinTest@1ef7fe8e]" name="secondTryPinTest" duration-ms="4" started-at="2016-04-27T17:38:34Z" data-provider="secondTryPinData" finished-at="2016-04-27T17:38:34Z">
          <params>
            <param index="0">
              <value>
                <![CDATA[4321]]>
              </value>
            </param>
            <param index="1">
              <value>
                <![CDATA[1234]]>
              </value>
            </param>
            <param index="2">
              <value>
                <![CDATA[true]]>
              </value>
            </param>
            <param index="3">
              <value>
                <![CDATA[false]]>
              </value>
            </param>
          </params>
          <reporter-output>
          </reporter-output>
        </test-method> <!-- secondTryPinTest -->
        <test-method status="PASS" signature="setUp()[pri:0, instance:com.testing.task.tests.PinTest@1ef7fe8e]" name="setUp" is-config="true" duration-ms="0" started-at="2016-04-27T17:38:34Z" finished-at="2016-04-27T17:38:34Z">
          <reporter-output>
          </reporter-output>
        </test-method> <!-- setUp -->
        <test-method status="PASS" signature="secondTryPinTest(java.lang.Integer, java.lang.Integer, java.lang.Boolean, java.lang.Boolean)[pri:0, instance:com.testing.task.tests.PinTest@1ef7fe8e]" name="secondTryPinTest" duration-ms="0" started-at="2016-04-27T17:38:34Z" data-provider="secondTryPinData" finished-at="2016-04-27T17:38:34Z">
          <params>
            <param index="0">
              <value>
                <![CDATA[4321]]>
              </value>
            </param>
            <param index="1">
              <value>
                <![CDATA[4321]]>
              </value>
            </param>
            <param index="2">
              <value>
                <![CDATA[false]]>
              </value>
            </param>
            <param index="3">
              <value>
                <![CDATA[false]]>
              </value>
            </param>
          </params>
          <reporter-output>
          </reporter-output>
        </test-method> <!-- secondTryPinTest -->
        <test-method status="PASS" signature="thirdTryPinTest(java.lang.Integer, java.lang.Integer, java.lang.Integer, java.lang.Boolean, java.lang.Boolean)[pri:0, instance:com.testing.task.tests.PinTest@1ef7fe8e]" name="thirdTryPinTest" duration-ms="1" started-at="2016-04-27T17:38:34Z" data-provider="thirdTryPinData" finished-at="2016-04-27T17:38:34Z">
          <params>
            <param index="0">
              <value>
                <![CDATA[4321]]>
              </value>
            </param>
            <param index="1">
              <value>
                <![CDATA[4321]]>
              </value>
            </param>
            <param index="2">
              <value>
                <![CDATA[1234]]>
              </value>
            </param>
            <param index="3">
              <value>
                <![CDATA[true]]>
              </value>
            </param>
            <param index="4">
              <value>
                <![CDATA[false]]>
              </value>
            </param>
          </params>
          <reporter-output>
          </reporter-output>
        </test-method> <!-- thirdTryPinTest -->
        <test-method status="PASS" signature="setUp()[pri:0, instance:com.testing.task.tests.PinTest@1ef7fe8e]" name="setUp" is-config="true" duration-ms="0" started-at="2016-04-27T17:38:34Z" finished-at="2016-04-27T17:38:34Z">
          <reporter-output>
          </reporter-output>
        </test-method> <!-- setUp -->
        <test-method status="PASS" signature="setUp()[pri:0, instance:com.testing.task.tests.PinTest@1ef7fe8e]" name="setUp" is-config="true" duration-ms="1" started-at="2016-04-27T17:38:34Z" finished-at="2016-04-27T17:38:34Z">
          <reporter-output>
          </reporter-output>
        </test-method> <!-- setUp -->
        <test-method status="PASS" signature="thirdTryPinTest(java.lang.Integer, java.lang.Integer, java.lang.Integer, java.lang.Boolean, java.lang.Boolean)[pri:0, instance:com.testing.task.tests.PinTest@1ef7fe8e]" name="thirdTryPinTest" duration-ms="0" started-at="2016-04-27T17:38:34Z" data-provider="thirdTryPinData" finished-at="2016-04-27T17:38:34Z">
          <params>
            <param index="0">
              <value>
                <![CDATA[4321]]>
              </value>
            </param>
            <param index="1">
              <value>
                <![CDATA[4321]]>
              </value>
            </param>
            <param index="2">
              <value>
                <![CDATA[4321]]>
              </value>
            </param>
            <param index="3">
              <value>
                <![CDATA[false]]>
              </value>
            </param>
            <param index="4">
              <value>
                <![CDATA[true]]>
              </value>
            </param>
          </params>
          <reporter-output>
          </reporter-output>
        </test-method> <!-- thirdTryPinTest -->
      </class> <!-- com.testing.task.tests.PinTest -->
    </test> <!-- Default test -->
  </suite> <!-- Default suite -->
</testng-results>
