<?xml version="1.0" encoding="UTF-8"?>
<!-- Generated by org.testng.reporters.JUnitXMLReporter -->
<testsuite hostname="Vova-PC" name="AllTest" tests="6" failures="0" timestamp="27 Apr 2016 15:54:53 GMT" time="0.059" errors="0">
  <testcase name="firstTryPinTest" time="0.015" classname="com.testing.task.tests.PinTest"/>
  <testcase name="firstTryPinTest" time="0.0" classname="com.testing.task.tests.PinTest"/>
  <testcase name="secondTryPinTest" time="0.0" classname="com.testing.task.tests.PinTest"/>
  <testcase name="secondTryPinTest" time="0.0" classname="com.testing.task.tests.PinTest"/>
  <testcase name="thirdTryPinTest" time="0.001" classname="com.testing.task.tests.PinTest"/>
  <testcase name="thirdTryPinTest" time="0.001" classname="com.testing.task.tests.PinTest"/>
</testsuite> <!-- AllTest -->
