<?xml version="1.0" encoding="UTF-8"?>
<!-- Generated by org.testng.reporters.JUnitXMLReporter -->
<testsuite hostname="Vova-PC" name="AllTest" tests="6" failures="0" timestamp="27 Apr 2016 09:29:55 GMT" time="0.064" errors="0">
  <testcase name="test" time="0.006" classname="com.testing.task.tests.PinTest"/>
  <testcase name="test" time="0.004" classname="com.testing.task.tests.PinTest"/>
  <testcase name="test" time="0.003" classname="com.testing.task.tests.PinTest"/>
  <testcase name="test" time="0.004" classname="com.testing.task.tests.PinTest"/>
  <testcase name="test" time="0.0" classname="com.testing.task.tests.PinTest"/>
  <testcase name="test" time="0.001" classname="com.testing.task.tests.PinTest"/>
</testsuite> <!-- AllTest -->
